<?xml version="1.0" encoding="UTF-8"?>
<!-- Generated by org.testng.reporters.JUnitReportReporter -->
<testsuite skipped="0" hostname="DESKTOP-NV3C88T" name="qaclickacademy.Mavenjava.RestAPITest" tests="2" failures="0" timestamp="01 Feb 2021 05:47:01 GMT" time="0.001" errors="0">
  <testcase name="PostJIRA" time="0.000" classname="qaclickacademy.Mavenjava.RestAPITest"/>
  <testcase name="deleteTwitter" time="0.001" classname="qaclickacademy.Mavenjava.RestAPITest"/>
</testsuite> <!-- qaclickacademy.Mavenjava.RestAPITest -->
