<?xml version="1.0" encoding="UTF-8"?>
<!-- Generated by org.testng.reporters.JUnitReportReporter -->
<testsuite skipped="0" hostname="DESKTOP-NV3C88T" name="qaclickacademy.Mavenjava.SeleniumTest" tests="2" failures="0" timestamp="01 Feb 2021 05:47:36 GMT" time="0.008" errors="0">
  <testcase name="elementsUI" time="0.005" classname="qaclickacademy.Mavenjava.SeleniumTest"/>
  <testcase name="BrowserAutomation" time="0.003" classname="qaclickacademy.Mavenjava.SeleniumTest"/>
</testsuite> <!-- qaclickacademy.Mavenjava.SeleniumTest -->
