<?xml version="1.0" encoding="UTF-8"?>
<!-- Generated by org.testng.reporters.JUnitReportReporter -->
<testsuite skipped="0" hostname="DESKTOP-NV3C88T" name="qaclickacademy.Mavenjava.AppiumTest" tests="2" failures="0" timestamp="01 Feb 2021 05:47:36 GMT" time="0.036" errors="0">
  <testcase name="IOSApps" time="0.027" classname="qaclickacademy.Mavenjava.AppiumTest"/>
  <testcase name="NativeAndroidApp" time="0.009" classname="qaclickacademy.Mavenjava.AppiumTest"/>
</testsuite> <!-- qaclickacademy.Mavenjava.AppiumTest -->
